<?xml version="1.0" encoding="UTF-8"?>
<testng-results ignored="0" total="1" passed="1" failed="0" skipped="0">
  <reporter-output>
  </reporter-output>
  <suite started-at="2020-08-26T12:40:45 IST" name="Default suite" finished-at="2020-08-26T12:41:16 IST" duration-ms="30680">
    <groups>
    </groups>
    <test started-at="2020-08-26T12:40:45 IST" name="Default test" finished-at="2020-08-26T12:41:16 IST" duration-ms="30680">
      <class name="test.TESTSM12_DeleteCustomer">
        <test-method is-config="true" signature="openApp()[pri:0, instance:test.TESTSM12_DeleteCustomer@3eb7fc54]" started-at="2020-08-26T12:40:45 IST" name="openApp" finished-at="2020-08-26T12:41:01 IST" duration-ms="16002" status="PASS">
          <reporter-output>
          </reporter-output>
        </test-method> <!-- openApp -->
        <test-method signature="deletetest()[pri:0, instance:test.TESTSM12_DeleteCustomer@3eb7fc54]" started-at="2020-08-26T12:41:01 IST" name="deletetest" finished-at="2020-08-26T12:41:16 IST" duration-ms="14601" status="PASS">
          <reporter-output>
          </reporter-output>
        </test-method> <!-- deletetest -->
        <test-method is-config="true" signature="closeApp()[pri:0, instance:test.TESTSM12_DeleteCustomer@3eb7fc54]" started-at="2020-08-26T12:41:16 IST" name="closeApp" finished-at="2020-08-26T12:41:16 IST" duration-ms="0" status="PASS">
          <reporter-output>
          </reporter-output>
        </test-method> <!-- closeApp -->
      </class> <!-- test.TESTSM12_DeleteCustomer -->
    </test> <!-- Default test -->
  </suite> <!-- Default suite -->
</testng-results>
